<?xml version="1.0" encoding="UTF-8"?>
<testsuite name="com.pro.baebooreung.userservice.UserserviceApplicationTests" tests="1" skipped="0" failures="0" errors="0" timestamp="2022-11-03T02:06:58" hostname="DESKTOP-KVCQHCD" time="0.429">
  <properties/>
  <testcase name="findAll테스트()" classname="com.pro.baebooreung.userservice.UserserviceApplicationTests" time="0.429"/>
  <system-out><![CDATA[11:06:48.249 [Test worker] DEBUG org.springframework.test.context.BootstrapUtils - Instantiating CacheAwareContextLoaderDelegate from class [org.springframework.test.context.cache.DefaultCacheAwareContextLoaderDelegate]
11:06:48.260 [Test worker] DEBUG org.springframework.test.context.BootstrapUtils - Instantiating BootstrapContext using constructor [public org.springframework.test.context.support.DefaultBootstrapContext(java.lang.Class,org.springframework.test.context.CacheAwareContextLoaderDelegate)]
11:06:48.301 [Test worker] DEBUG org.springframework.test.context.BootstrapUtils - Instantiating TestContextBootstrapper for test class [com.pro.baebooreung.userservice.UserserviceApplicationTests] from class [org.springframework.boot.test.context.SpringBootTestContextBootstrapper]
11:06:48.316 [Test worker] INFO org.springframework.boot.test.context.SpringBootTestContextBootstrapper - Neither @ContextConfiguration nor @ContextHierarchy found for test class [com.pro.baebooreung.userservice.UserserviceApplicationTests], using SpringBootContextLoader
11:06:48.320 [Test worker] DEBUG org.springframework.test.context.support.AbstractContextLoader - Did not detect default resource location for test class [com.pro.baebooreung.userservice.UserserviceApplicationTests]: class path resource [com/pro/baebooreung/userservice/UserserviceApplicationTests-context.xml] does not exist
11:06:48.321 [Test worker] DEBUG org.springframework.test.context.support.AbstractContextLoader - Did not detect default resource location for test class [com.pro.baebooreung.userservice.UserserviceApplicationTests]: class path resource [com/pro/baebooreung/userservice/UserserviceApplicationTestsContext.groovy] does not exist
11:06:48.321 [Test worker] INFO org.springframework.test.context.support.AbstractContextLoader - Could not detect default resource locations for test class [com.pro.baebooreung.userservice.UserserviceApplicationTests]: no resource found for suffixes {-context.xml, Context.groovy}.
11:06:48.322 [Test worker] INFO org.springframework.test.context.support.AnnotationConfigContextLoaderUtils - Could not detect default configuration classes for test class [com.pro.baebooreung.userservice.UserserviceApplicationTests]: UserserviceApplicationTests does not declare any static, non-private, non-final, nested classes annotated with @Configuration.
11:06:48.370 [Test worker] DEBUG org.springframework.test.context.support.ActiveProfilesUtils - Could not find an 'annotation declaring class' for annotation type [org.springframework.test.context.ActiveProfiles] and class [com.pro.baebooreung.userservice.UserserviceApplicationTests]
11:06:48.439 [Test worker] DEBUG org.springframework.context.annotation.ClassPathScanningCandidateComponentProvider - Identified candidate component class: file [C:\Users\multicampus\J\_Project3\baebooreung\S07P31C207\backend\userservice\build\classes\java\main\com\pro\baebooreung\userservice\UserserviceApplication.class]
11:06:48.441 [Test worker] INFO org.springframework.boot.test.context.SpringBootTestContextBootstrapper - Found @SpringBootConfiguration com.pro.baebooreung.userservice.UserserviceApplication for test class com.pro.baebooreung.userservice.UserserviceApplicationTests
11:06:48.576 [Test worker] DEBUG org.springframework.boot.test.context.SpringBootTestContextBootstrapper - @TestExecutionListeners is not present for class [com.pro.baebooreung.userservice.UserserviceApplicationTests]: using defaults.
11:06:48.577 [Test worker] INFO org.springframework.boot.test.context.SpringBootTestContextBootstrapper - Loaded default TestExecutionListener class names from location [META-INF/spring.factories]: [org.springframework.security.test.context.support.WithSecurityContextTestExecutionListener, org.springframework.security.test.context.support.ReactorContextTestExecutionListener, org.springframework.boot.test.autoconfigure.restdocs.RestDocsTestExecutionListener, org.springframework.boot.test.autoconfigure.web.client.MockRestServiceServerResetTestExecutionListener, org.springframework.boot.test.autoconfigure.web.servlet.MockMvcPrintOnlyOnFailureTestExecutionListener, org.springframework.boot.test.autoconfigure.web.servlet.WebDriverTestExecutionListener, org.springframework.boot.test.autoconfigure.webservices.client.MockWebServiceServerTestExecutionListener, org.springframework.boot.test.mock.mockito.MockitoTestExecutionListener, org.springframework.boot.test.mock.mockito.ResetMocksTestExecutionListener, org.springframework.test.context.web.ServletTestExecutionListener, org.springframework.test.context.support.DirtiesContextBeforeModesTestExecutionListener, org.springframework.test.context.event.ApplicationEventsTestExecutionListener, org.springframework.test.context.support.DependencyInjectionTestExecutionListener, org.springframework.test.context.support.DirtiesContextTestExecutionListener, org.springframework.test.context.transaction.TransactionalTestExecutionListener, org.springframework.test.context.jdbc.SqlScriptsTestExecutionListener, org.springframework.test.context.event.EventPublishingTestExecutionListener]
11:06:48.616 [Test worker] INFO org.springframework.boot.test.context.SpringBootTestContextBootstrapper - Using TestExecutionListeners: [org.springframework.test.context.web.ServletTestExecutionListener@2f6bbeb0, org.springframework.test.context.support.DirtiesContextBeforeModesTestExecutionListener@1b1637e1, org.springframework.test.context.event.ApplicationEventsTestExecutionListener@18151a14, org.springframework.boot.test.mock.mockito.MockitoTestExecutionListener@64711bf2, org.springframework.boot.test.autoconfigure.SpringBootDependencyInjectionTestExecutionListener@169da7f2, org.springframework.test.context.support.DirtiesContextTestExecutionListener@3c1e23ff, org.springframework.test.context.transaction.TransactionalTestExecutionListener@ceb4bd2, org.springframework.test.context.jdbc.SqlScriptsTestExecutionListener@60297f36, org.springframework.security.test.context.support.WithSecurityContextTestExecutionListener@1bf0f6f6, org.springframework.test.context.event.EventPublishingTestExecutionListener@56bc3fac, org.springframework.security.test.context.support.ReactorContextTestExecutionListener@df4b72, org.springframework.boot.test.autoconfigure.restdocs.RestDocsTestExecutionListener@2ba45490, org.springframework.boot.test.autoconfigure.web.client.MockRestServiceServerResetTestExecutionListener@37ff4054, org.springframework.boot.test.autoconfigure.web.servlet.MockMvcPrintOnlyOnFailureTestExecutionListener@894858, org.springframework.boot.test.autoconfigure.web.servlet.WebDriverTestExecutionListener@7af707e0, org.springframework.boot.test.autoconfigure.webservices.client.MockWebServiceServerTestExecutionListener@737edcfa, org.springframework.boot.test.mock.mockito.ResetMocksTestExecutionListener@3ecedf21]
11:06:48.621 [Test worker] DEBUG org.springframework.test.context.support.AbstractDirtiesContextTestExecutionListener - Before test class: context [DefaultTestContext@1929425f testClass = UserserviceApplicationTests, testInstance = [null], testMethod = [null], testException = [null], mergedContextConfiguration = [WebMergedContextConfiguration@718607eb testClass = UserserviceApplicationTests, locations = '{}', classes = '{class com.pro.baebooreung.userservice.UserserviceApplication}', contextInitializerClasses = '[]', activeProfiles = '{}', propertySourceLocations = '{}', propertySourceProperties = '{org.springframework.boot.test.context.SpringBootTestContextBootstrapper=true}', contextCustomizers = set[org.springframework.boot.test.autoconfigure.actuate.metrics.MetricsExportContextCustomizerFactory$DisableMetricExportContextCustomizer@1e63ec0b, org.springframework.boot.test.autoconfigure.properties.PropertyMappingContextCustomizer@0, org.springframework.boot.test.autoconfigure.web.servlet.WebDriverContextCustomizerFactory$Customizer@5b057c8c, org.springframework.boot.test.context.filter.ExcludeFilterContextCustomizer@650eab8, org.springframework.boot.test.json.DuplicateJsonObjectContextCustomizerFactory$DuplicateJsonObjectContextCustomizer@53f48368, org.springframework.boot.test.mock.mockito.MockitoContextCustomizer@0, org.springframework.boot.test.web.client.TestRestTemplateContextCustomizer@4a335fa8, org.springframework.boot.test.context.SpringBootTestArgs@1, org.springframework.boot.test.context.SpringBootTestWebEnvironment@52815fa3], resourceBasePath = 'src/main/webapp', contextLoader = 'org.springframework.boot.test.context.SpringBootContextLoader', parent = [null]], attributes = map['org.springframework.test.context.web.ServletTestExecutionListener.activateListener' -> true]], class annotated with @DirtiesContext [false] with mode [null].

  .   ____          _            __ _ _
 /\\ / ___'_ __ _ _(_)_ __  __ _ \ \ \ \
( ( )\___ | '_ | '_| | '_ \/ _` | \ \ \ \
 \\/  ___)| |_)| | | | | || (_| |  ) ) ) )
  '  |____| .__|_| |_|_| |_\__, | / / / /
 =========|_|==============|___/=/_/_/_/
 :: Spring Boot ::                (v2.7.5)

2022-11-03 11:06:50.376  INFO 9152 --- [    Test worker] c.p.b.u.UserserviceApplicationTests      : Starting UserserviceApplicationTests using Java 11.0.15 on DESKTOP-KVCQHCD with PID 9152 (started by multicampus in C:\Users\multicampus\J\_Project3\baebooreung\S07P31C207\backend\userservice)
2022-11-03 11:06:50.377  INFO 9152 --- [    Test worker] c.p.b.u.UserserviceApplicationTests      : No active profile set, falling back to 1 default profile: "default"
2022-11-03 11:06:51.244  INFO 9152 --- [    Test worker] .s.d.r.c.RepositoryConfigurationDelegate : Bootstrapping Spring Data JPA repositories in DEFAULT mode.
2022-11-03 11:06:51.453  INFO 9152 --- [    Test worker] .s.d.r.c.RepositoryConfigurationDelegate : Finished Spring Data repository scanning in 199 ms. Found 1 JPA repository interfaces.
2022-11-03 11:06:51.760  INFO 9152 --- [    Test worker] o.s.cloud.context.scope.GenericScope     : BeanFactory id=9bb1ebdf-000d-3c85-b71d-0de247ebf483
2022-11-03 11:06:52.259  INFO 9152 --- [    Test worker] o.hibernate.jpa.internal.util.LogHelper  : HHH000204: Processing PersistenceUnitInfo [name: default]
2022-11-03 11:06:52.338  INFO 9152 --- [    Test worker] org.hibernate.Version                    : HHH000412: Hibernate ORM core version 5.6.12.Final
2022-11-03 11:06:52.574  INFO 9152 --- [    Test worker] o.hibernate.annotations.common.Version   : HCANN000001: Hibernate Commons Annotations {5.1.2.Final}
2022-11-03 11:06:52.709  INFO 9152 --- [    Test worker] com.zaxxer.hikari.HikariDataSource       : HikariPool-1 - Starting...
2022-11-03 11:06:53.070  INFO 9152 --- [    Test worker] com.zaxxer.hikari.HikariDataSource       : HikariPool-1 - Start completed.
2022-11-03 11:06:53.117  INFO 9152 --- [    Test worker] org.hibernate.dialect.Dialect            : HHH000400: Using dialect: org.hibernate.dialect.MySQL8Dialect
2022-11-03 11:06:53.828  INFO 9152 --- [    Test worker] o.h.e.t.j.p.i.JtaPlatformInitiator       : HHH000490: Using JtaPlatform implementation: [org.hibernate.engine.transaction.jta.platform.internal.NoJtaPlatform]
2022-11-03 11:06:53.837  INFO 9152 --- [    Test worker] j.LocalContainerEntityManagerFactoryBean : Initialized JPA EntityManagerFactory for persistence unit 'default'
2022-11-03 11:06:54.304  WARN 9152 --- [    Test worker] JpaBaseConfiguration$JpaWebConfiguration : spring.jpa.open-in-view is enabled by default. Therefore, database queries may be performed during view rendering. Explicitly configure spring.jpa.open-in-view to disable this warning
2022-11-03 11:06:54.585  INFO 9152 --- [    Test worker] o.s.s.web.DefaultSecurityFilterChain     : Will secure any request with [org.springframework.security.web.session.DisableEncodeUrlFilter@70680f88, org.springframework.security.web.context.request.async.WebAsyncManagerIntegrationFilter@7f7f544a, org.springframework.security.web.context.SecurityContextPersistenceFilter@4ef10d3b, org.springframework.security.web.header.HeaderWriterFilter@414d466e, org.springframework.security.web.authentication.logout.LogoutFilter@21539796, com.pro.baebooreung.userservice.security.AuthenticationFilter@70b0dc92, org.springframework.security.web.savedrequest.RequestCacheAwareFilter@17554316, org.springframework.security.web.servletapi.SecurityContextHolderAwareRequestFilter@74ab8610, org.springframework.security.web.authentication.AnonymousAuthenticationFilter@309d54ac, org.springframework.security.web.session.SessionManagementFilter@dd3e1e3, org.springframework.security.web.access.ExceptionTranslationFilter@36696821, org.springframework.security.web.access.intercept.FilterSecurityInterceptor@751b901a]
2022-11-03 11:06:56.971  INFO 9152 --- [    Test worker] DiscoveryClientOptionalArgsConfiguration : Eureka HTTP Client uses RestTemplate.
2022-11-03 11:06:58.582  WARN 9152 --- [    Test worker] iguration$LoadBalancerCaffeineWarnLogger : Spring Cloud LoadBalancer is currently working with the default cache. While this cache implementation is useful for development and tests, it's recommended to use Caffeine cache in production.You can switch to using Caffeine cache, by adding it and org.springframework.cache.caffeine.CaffeineCacheManager to the classpath.
2022-11-03 11:06:58.609  INFO 9152 --- [    Test worker] c.p.b.u.UserserviceApplicationTests      : Started UserserviceApplicationTests in 9.949 seconds (JVM running for 12.367)
Hibernate: select userentity0_.id as id1_0_, userentity0_.delivery_id as delivery2_0_, userentity0_.email as email3_0_, userentity0_.encrypted_pwd as encrypte4_0_, userentity0_.grade as grade5_0_, userentity0_.name as name6_0_, userentity0_.phone as phone7_0_, userentity0_.profile as profile8_0_, userentity0_.region as region9_0_, userentity0_.route_id as route_i10_0_, userentity0_.user_id as user_id11_0_, userentity0_.work_status as work_st12_0_ from user userentity0_
[UserEntity(id=2, email=lgeun123@test.com, name=euni, userId=b26d3426-e993-4e62-99bb-48d4d6aad515, encryptedPwd=$2a$10$rOsSMfUSaK.qC2u6TfS5NOq37CuhHIdnyRst1BE.ehRSSkArz323m, profile=null, grade=DRIVER, phone=010-0000-0000, region=34, workStatus=null, routeId=null, deliveryId=null), UserEntity(id=3, email=lgeun12341@test.com, name=eueni, userId=5d8fc1b9-08ef-4d3e-ab2a-75ca9100a848, encryptedPwd=$2a$10$twE79VEC81lTEil4RG/mGu05zshqh8UDuk/pF8yjCkAeD9H1ncXQW, profile=null, grade=DRIVER, phone=010-0000-0000, region=34, workStatus=null, routeId=null, deliveryId=null), UserEntity(id=4, email=kaydenna92@gmail.com, name=나장엽, userId=dc10c63c-bda7-4205-b9d1-6e30b6807cda, encryptedPwd=$2a$10$yhhB8D6p8i.pArXa4wrBoOTctEaVm82Enl2j0YSoQ4W/OSFGoYgny, profile=null, grade=MANAGER, phone=010-4670-5324, region=1, workStatus=null, routeId=null, deliveryId=null), UserEntity(id=5, email=dd@test.com, name=eueni, userId=39fa0575-fed8-4f76-a9dd-771c18272d0b, encryptedPwd=$2a$10$TGm91L.sza5xnzlsOMrCMuGFvzVQ8itMuectwGs2TywHXIXvhmOGC, profile=null, grade=DRIVER, phone=010-0000-0000, region=34, workStatus=null, routeId=null, deliveryId=null), UserEntity(id=6, email=ee@test.com, name=eueni, userId=ae828e26-e91e-40c1-94e2-1596b6cf86e5, encryptedPwd=$2a$10$2nDwOowHoZadLyX4IRpkJOQwR1tE0bKkhMphUyACAVqqY4lOAojsG, profile=null, grade=MANAGER, phone=010-0000-0000, region=34, workStatus=null, routeId=null, deliveryId=null)]
]]></system-out>
  <system-err><![CDATA[]]></system-err>
</testsuite>
