<?xml version="1.0" encoding="UTF-8"?>
<testsuite name="com.pro.baebooreung.businessservice.BusinessControllerTest" tests="1" skipped="0" failures="0" errors="0" timestamp="2022-11-09T05:54:30" hostname="DESKTOP-KVCQHCD" time="0.036">
  <properties/>
  <testcase name="routeId로 루트 한개 조회 테스트" classname="com.pro.baebooreung.businessservice.BusinessControllerTest" time="0.036"/>
  <system-out><![CDATA[14:54:26.459 [Test worker] DEBUG org.springframework.test.context.BootstrapUtils - Instantiating CacheAwareContextLoaderDelegate from class [org.springframework.test.context.cache.DefaultCacheAwareContextLoaderDelegate]
14:54:26.475 [Test worker] DEBUG org.springframework.test.context.BootstrapUtils - Instantiating BootstrapContext using constructor [public org.springframework.test.context.support.DefaultBootstrapContext(java.lang.Class,org.springframework.test.context.CacheAwareContextLoaderDelegate)]
14:54:26.506 [Test worker] DEBUG org.springframework.test.context.BootstrapUtils - Instantiating TestContextBootstrapper for test class [com.pro.baebooreung.businessservice.BusinessControllerTest] from class [org.springframework.boot.test.autoconfigure.web.servlet.WebMvcTestContextBootstrapper]
14:54:26.521 [Test worker] INFO org.springframework.boot.test.autoconfigure.web.servlet.WebMvcTestContextBootstrapper - Neither @ContextConfiguration nor @ContextHierarchy found for test class [com.pro.baebooreung.businessservice.BusinessControllerTest], using SpringBootContextLoader
14:54:26.521 [Test worker] DEBUG org.springframework.test.context.support.AbstractContextLoader - Did not detect default resource location for test class [com.pro.baebooreung.businessservice.BusinessControllerTest]: class path resource [com/pro/baebooreung/businessservice/BusinessControllerTest-context.xml] does not exist
14:54:26.537 [Test worker] DEBUG org.springframework.test.context.support.AbstractContextLoader - Did not detect default resource location for test class [com.pro.baebooreung.businessservice.BusinessControllerTest]: class path resource [com/pro/baebooreung/businessservice/BusinessControllerTestContext.groovy] does not exist
14:54:26.537 [Test worker] INFO org.springframework.test.context.support.AbstractContextLoader - Could not detect default resource locations for test class [com.pro.baebooreung.businessservice.BusinessControllerTest]: no resource found for suffixes {-context.xml, Context.groovy}.
14:54:26.537 [Test worker] INFO org.springframework.test.context.support.AnnotationConfigContextLoaderUtils - Could not detect default configuration classes for test class [com.pro.baebooreung.businessservice.BusinessControllerTest]: BusinessControllerTest does not declare any static, non-private, non-final, nested classes annotated with @Configuration.
14:54:26.615 [Test worker] DEBUG org.springframework.test.context.support.ActiveProfilesUtils - Could not find an 'annotation declaring class' for annotation type [org.springframework.test.context.ActiveProfiles] and class [com.pro.baebooreung.businessservice.BusinessControllerTest]
14:54:26.662 [Test worker] DEBUG org.springframework.context.annotation.ClassPathScanningCandidateComponentProvider - Identified candidate component class: file [C:\Users\multicampus\J\_Project3\baebooreung\S07P31C207\backend\businessservice\build\classes\java\main\com\pro\baebooreung\businessservice\BusinessserviceApplication.class]
14:54:26.662 [Test worker] INFO org.springframework.boot.test.context.SpringBootTestContextBootstrapper - Found @SpringBootConfiguration com.pro.baebooreung.businessservice.BusinessserviceApplication for test class com.pro.baebooreung.businessservice.BusinessControllerTest
14:54:26.662 [Test worker] DEBUG org.springframework.boot.test.autoconfigure.web.servlet.WebMvcTestContextBootstrapper - @TestExecutionListeners is not present for class [com.pro.baebooreung.businessservice.BusinessControllerTest]: using defaults.
14:54:26.662 [Test worker] INFO org.springframework.boot.test.autoconfigure.web.servlet.WebMvcTestContextBootstrapper - Loaded default TestExecutionListener class names from location [META-INF/spring.factories]: [org.springframework.boot.test.autoconfigure.restdocs.RestDocsTestExecutionListener, org.springframework.boot.test.autoconfigure.web.client.MockRestServiceServerResetTestExecutionListener, org.springframework.boot.test.autoconfigure.web.servlet.MockMvcPrintOnlyOnFailureTestExecutionListener, org.springframework.boot.test.autoconfigure.web.servlet.WebDriverTestExecutionListener, org.springframework.boot.test.autoconfigure.webservices.client.MockWebServiceServerTestExecutionListener, org.springframework.boot.test.mock.mockito.MockitoTestExecutionListener, org.springframework.boot.test.mock.mockito.ResetMocksTestExecutionListener, org.springframework.test.context.web.ServletTestExecutionListener, org.springframework.test.context.support.DirtiesContextBeforeModesTestExecutionListener, org.springframework.test.context.event.ApplicationEventsTestExecutionListener, org.springframework.test.context.support.DependencyInjectionTestExecutionListener, org.springframework.test.context.support.DirtiesContextTestExecutionListener, org.springframework.test.context.transaction.TransactionalTestExecutionListener, org.springframework.test.context.jdbc.SqlScriptsTestExecutionListener, org.springframework.test.context.event.EventPublishingTestExecutionListener]
14:54:26.678 [Test worker] INFO org.springframework.boot.test.autoconfigure.web.servlet.WebMvcTestContextBootstrapper - Using TestExecutionListeners: [org.springframework.test.context.web.ServletTestExecutionListener@287f94b1, org.springframework.test.context.support.DirtiesContextBeforeModesTestExecutionListener@30b34287, org.springframework.test.context.event.ApplicationEventsTestExecutionListener@5489c777, org.springframework.boot.test.mock.mockito.MockitoTestExecutionListener@3676ac27, org.springframework.boot.test.autoconfigure.SpringBootDependencyInjectionTestExecutionListener@62f87c44, org.springframework.test.context.support.DirtiesContextTestExecutionListener@48f5bde6, org.springframework.test.context.transaction.TransactionalTestExecutionListener@525d79f0, org.springframework.test.context.jdbc.SqlScriptsTestExecutionListener@5149f008, org.springframework.test.context.event.EventPublishingTestExecutionListener@7072bc39, org.springframework.boot.test.autoconfigure.restdocs.RestDocsTestExecutionListener@158d255c, org.springframework.boot.test.autoconfigure.web.client.MockRestServiceServerResetTestExecutionListener@2ca65ce4, org.springframework.boot.test.autoconfigure.web.servlet.MockMvcPrintOnlyOnFailureTestExecutionListener@327120c8, org.springframework.boot.test.autoconfigure.web.servlet.WebDriverTestExecutionListener@5707c1cb, org.springframework.boot.test.autoconfigure.webservices.client.MockWebServiceServerTestExecutionListener@2b5cb9b2, org.springframework.boot.test.mock.mockito.ResetMocksTestExecutionListener@35038141]
14:54:26.693 [Test worker] DEBUG org.springframework.test.context.support.AbstractDirtiesContextTestExecutionListener - Before test class: context [DefaultTestContext@3b1bb3ab testClass = BusinessControllerTest, testInstance = [null], testMethod = [null], testException = [null], mergedContextConfiguration = [WebMergedContextConfiguration@5a4bef8 testClass = BusinessControllerTest, locations = '{}', classes = '{class com.pro.baebooreung.businessservice.BusinessserviceApplication}', contextInitializerClasses = '[]', activeProfiles = '{}', propertySourceLocations = '{}', propertySourceProperties = '{org.springframework.boot.test.autoconfigure.web.servlet.WebMvcTestContextBootstrapper=true}', contextCustomizers = set[org.springframework.boot.test.autoconfigure.OverrideAutoConfigurationContextCustomizerFactory$DisableAutoConfigurationContextCustomizer@6f603e89, org.springframework.boot.test.autoconfigure.actuate.metrics.MetricsExportContextCustomizerFactory$DisableMetricExportContextCustomizer@165b2f7f, org.springframework.boot.test.autoconfigure.filter.TypeExcludeFiltersContextCustomizer@281a4438, org.springframework.boot.test.autoconfigure.properties.PropertyMappingContextCustomizer@da4caa70, org.springframework.boot.test.autoconfigure.web.servlet.WebDriverContextCustomizerFactory$Customizer@24faea88, [ImportsContextCustomizer@40bffbca key = [org.springframework.boot.autoconfigure.cache.CacheAutoConfiguration, org.springframework.boot.autoconfigure.context.MessageSourceAutoConfiguration, org.springframework.boot.autoconfigure.data.web.SpringDataWebAutoConfiguration, org.springframework.boot.autoconfigure.freemarker.FreeMarkerAutoConfiguration, org.springframework.boot.autoconfigure.groovy.template.GroovyTemplateAutoConfiguration, org.springframework.boot.autoconfigure.gson.GsonAutoConfiguration, org.springframework.boot.autoconfigure.hateoas.HypermediaAutoConfiguration, org.springframework.boot.autoconfigure.http.HttpMessageConvertersAutoConfiguration, org.springframework.boot.autoconfigure.jackson.JacksonAutoConfiguration, org.springframework.boot.autoconfigure.jsonb.JsonbAutoConfiguration, org.springframework.boot.autoconfigure.mustache.MustacheAutoConfiguration, org.springframework.boot.autoconfigure.task.TaskExecutionAutoConfiguration, org.springframework.boot.autoconfigure.thymeleaf.ThymeleafAutoConfiguration, org.springframework.boot.autoconfigure.validation.ValidationAutoConfiguration, org.springframework.boot.autoconfigure.web.servlet.error.ErrorMvcAutoConfiguration, org.springframework.boot.autoconfigure.web.servlet.HttpEncodingAutoConfiguration, org.springframework.boot.autoconfigure.web.servlet.WebMvcAutoConfiguration, org.springframework.boot.test.autoconfigure.web.servlet.MockMvcAutoConfiguration, org.springframework.boot.test.autoconfigure.web.servlet.MockMvcWebClientAutoConfiguration, org.springframework.boot.test.autoconfigure.web.servlet.MockMvcWebDriverAutoConfiguration, org.springframework.boot.autoconfigure.security.oauth2.client.servlet.OAuth2ClientAutoConfiguration, org.springframework.boot.autoconfigure.security.oauth2.resource.servlet.OAuth2ResourceServerAutoConfiguration, org.springframework.boot.autoconfigure.security.servlet.SecurityAutoConfiguration, org.springframework.boot.autoconfigure.security.servlet.SecurityFilterAutoConfiguration, org.springframework.boot.autoconfigure.security.servlet.UserDetailsServiceAutoConfiguration, org.springframework.boot.test.autoconfigure.web.servlet.MockMvcSecurityConfiguration, org.springframework.boot.test.autoconfigure.web.reactive.WebTestClientAutoConfiguration]], org.springframework.boot.test.context.filter.ExcludeFilterContextCustomizer@41fe9859, org.springframework.boot.test.json.DuplicateJsonObjectContextCustomizerFactory$DuplicateJsonObjectContextCustomizer@2c9399a4, org.springframework.boot.test.mock.mockito.MockitoContextCustomizer@b878f567, org.springframework.boot.test.context.SpringBootTestArgs@1, org.springframework.boot.test.context.SpringBootTestWebEnvironment@0], resourceBasePath = 'src/main/webapp', contextLoader = 'org.springframework.boot.test.context.SpringBootContextLoader', parent = [null]], attributes = map[[empty]]], class annotated with @DirtiesContext [false] with mode [null].

  .   ____          _            __ _ _
 /\\ / ___'_ __ _ _(_)_ __  __ _ \ \ \ \
( ( )\___ | '_ | '_| | '_ \/ _` | \ \ \ \
 \\/  ___)| |_)| | | | | || (_| |  ) ) ) )
  '  |____| .__|_| |_|_| |_\__, | / / / /
 =========|_|==============|___/=/_/_/_/
 :: Spring Boot ::                (v2.7.5)

2022-11-09 14:54:28.882  INFO 18768 --- [    Test worker] c.p.b.b.BusinessControllerTest           : Starting BusinessControllerTest using Java 11.0.15 on DESKTOP-KVCQHCD with PID 18768 (started by multicampus in C:\Users\multicampus\J\_Project3\baebooreung\S07P31C207\backend\businessservice)
2022-11-09 14:54:28.897  INFO 18768 --- [    Test worker] c.p.b.b.BusinessControllerTest           : No active profile set, falling back to 1 default profile: "default"
2022-11-09 14:54:30.790  INFO 18768 --- [    Test worker] o.s.b.t.m.w.SpringBootMockServletContext : Initializing Spring TestDispatcherServlet ''
2022-11-09 14:54:30.790  INFO 18768 --- [    Test worker] o.s.t.web.servlet.TestDispatcherServlet  : Initializing Servlet ''
2022-11-09 14:54:30.790  INFO 18768 --- [    Test worker] o.s.t.web.servlet.TestDispatcherServlet  : Completed initialization in 0 ms
2022-11-09 14:54:30.806  INFO 18768 --- [    Test worker] c.p.b.b.BusinessControllerTest           : Started BusinessControllerTest in 4.059 seconds (JVM running for 6.537)
null
]]></system-out>
  <system-err><![CDATA[]]></system-err>
</testsuite>
