<?xml version="1.0" encoding="UTF-8"?>
<testsuite name="com.pro.baebooreung.businessservice.RouteRepoTest" tests="1" skipped="0" failures="0" errors="0" timestamp="2022-11-09T01:56:09" hostname="DESKTOP-KVCQHCD" time="0.21">
  <properties/>
  <testcase name="루트얻기()" classname="com.pro.baebooreung.businessservice.RouteRepoTest" time="0.21"/>
  <system-out><![CDATA[10:55:57.639 [Test worker] DEBUG org.springframework.test.context.BootstrapUtils - Instantiating CacheAwareContextLoaderDelegate from class [org.springframework.test.context.cache.DefaultCacheAwareContextLoaderDelegate]
10:55:57.655 [Test worker] DEBUG org.springframework.test.context.BootstrapUtils - Instantiating BootstrapContext using constructor [public org.springframework.test.context.support.DefaultBootstrapContext(java.lang.Class,org.springframework.test.context.CacheAwareContextLoaderDelegate)]
10:55:57.670 [Test worker] DEBUG org.springframework.test.context.BootstrapUtils - Instantiating TestContextBootstrapper for test class [com.pro.baebooreung.businessservice.RouteRepoTest] from class [org.springframework.boot.test.context.SpringBootTestContextBootstrapper]
10:55:57.686 [Test worker] INFO org.springframework.boot.test.context.SpringBootTestContextBootstrapper - Neither @ContextConfiguration nor @ContextHierarchy found for test class [com.pro.baebooreung.businessservice.RouteRepoTest], using SpringBootContextLoader
10:55:57.686 [Test worker] DEBUG org.springframework.test.context.support.AbstractContextLoader - Did not detect default resource location for test class [com.pro.baebooreung.businessservice.RouteRepoTest]: class path resource [com/pro/baebooreung/businessservice/RouteRepoTest-context.xml] does not exist
10:55:57.702 [Test worker] DEBUG org.springframework.test.context.support.AbstractContextLoader - Did not detect default resource location for test class [com.pro.baebooreung.businessservice.RouteRepoTest]: class path resource [com/pro/baebooreung/businessservice/RouteRepoTestContext.groovy] does not exist
10:55:57.702 [Test worker] INFO org.springframework.test.context.support.AbstractContextLoader - Could not detect default resource locations for test class [com.pro.baebooreung.businessservice.RouteRepoTest]: no resource found for suffixes {-context.xml, Context.groovy}.
10:55:57.702 [Test worker] INFO org.springframework.test.context.support.AnnotationConfigContextLoaderUtils - Could not detect default configuration classes for test class [com.pro.baebooreung.businessservice.RouteRepoTest]: RouteRepoTest does not declare any static, non-private, non-final, nested classes annotated with @Configuration.
10:55:57.733 [Test worker] DEBUG org.springframework.test.context.support.ActiveProfilesUtils - Could not find an 'annotation declaring class' for annotation type [org.springframework.test.context.ActiveProfiles] and class [com.pro.baebooreung.businessservice.RouteRepoTest]
10:55:57.795 [Test worker] DEBUG org.springframework.context.annotation.ClassPathScanningCandidateComponentProvider - Identified candidate component class: file [C:\Users\multicampus\J\_Project3\baebooreung\S07P31C207\backend\businessservice\build\classes\java\main\com\pro\baebooreung\businessservice\BusinessserviceApplication.class]
10:55:57.795 [Test worker] INFO org.springframework.boot.test.context.SpringBootTestContextBootstrapper - Found @SpringBootConfiguration com.pro.baebooreung.businessservice.BusinessserviceApplication for test class com.pro.baebooreung.businessservice.RouteRepoTest
10:55:57.920 [Test worker] DEBUG org.springframework.boot.test.context.SpringBootTestContextBootstrapper - @TestExecutionListeners is not present for class [com.pro.baebooreung.businessservice.RouteRepoTest]: using defaults.
10:55:57.920 [Test worker] INFO org.springframework.boot.test.context.SpringBootTestContextBootstrapper - Loaded default TestExecutionListener class names from location [META-INF/spring.factories]: [org.springframework.boot.test.autoconfigure.restdocs.RestDocsTestExecutionListener, org.springframework.boot.test.autoconfigure.web.client.MockRestServiceServerResetTestExecutionListener, org.springframework.boot.test.autoconfigure.web.servlet.MockMvcPrintOnlyOnFailureTestExecutionListener, org.springframework.boot.test.autoconfigure.web.servlet.WebDriverTestExecutionListener, org.springframework.boot.test.autoconfigure.webservices.client.MockWebServiceServerTestExecutionListener, org.springframework.boot.test.mock.mockito.MockitoTestExecutionListener, org.springframework.boot.test.mock.mockito.ResetMocksTestExecutionListener, org.springframework.test.context.web.ServletTestExecutionListener, org.springframework.test.context.support.DirtiesContextBeforeModesTestExecutionListener, org.springframework.test.context.event.ApplicationEventsTestExecutionListener, org.springframework.test.context.support.DependencyInjectionTestExecutionListener, org.springframework.test.context.support.DirtiesContextTestExecutionListener, org.springframework.test.context.transaction.TransactionalTestExecutionListener, org.springframework.test.context.jdbc.SqlScriptsTestExecutionListener, org.springframework.test.context.event.EventPublishingTestExecutionListener]
10:55:57.936 [Test worker] INFO org.springframework.boot.test.context.SpringBootTestContextBootstrapper - Using TestExecutionListeners: [org.springframework.test.context.web.ServletTestExecutionListener@44d70181, org.springframework.test.context.support.DirtiesContextBeforeModesTestExecutionListener@6aa648b9, org.springframework.test.context.event.ApplicationEventsTestExecutionListener@23c650a3, org.springframework.boot.test.mock.mockito.MockitoTestExecutionListener@742d4e15, org.springframework.boot.test.autoconfigure.SpringBootDependencyInjectionTestExecutionListener@88a8218, org.springframework.test.context.support.DirtiesContextTestExecutionListener@50b1f030, org.springframework.test.context.transaction.TransactionalTestExecutionListener@4163f1cd, org.springframework.test.context.jdbc.SqlScriptsTestExecutionListener@5fa05212, org.springframework.test.context.event.EventPublishingTestExecutionListener@3e681bc, org.springframework.boot.test.autoconfigure.restdocs.RestDocsTestExecutionListener@5c09d180, org.springframework.boot.test.autoconfigure.web.client.MockRestServiceServerResetTestExecutionListener@23aae55, org.springframework.boot.test.autoconfigure.web.servlet.MockMvcPrintOnlyOnFailureTestExecutionListener@5f574cc2, org.springframework.boot.test.autoconfigure.web.servlet.WebDriverTestExecutionListener@680bddf5, org.springframework.boot.test.autoconfigure.webservices.client.MockWebServiceServerTestExecutionListener@7a9c84a5, org.springframework.boot.test.mock.mockito.ResetMocksTestExecutionListener@2d83c5a5]
10:55:57.936 [Test worker] DEBUG org.springframework.test.context.support.AbstractDirtiesContextTestExecutionListener - Before test class: context [DefaultTestContext@3ecedf21 testClass = RouteRepoTest, testInstance = [null], testMethod = [null], testException = [null], mergedContextConfiguration = [WebMergedContextConfiguration@74cf8b28 testClass = RouteRepoTest, locations = '{}', classes = '{class com.pro.baebooreung.businessservice.BusinessserviceApplication}', contextInitializerClasses = '[]', activeProfiles = '{}', propertySourceLocations = '{}', propertySourceProperties = '{org.springframework.boot.test.context.SpringBootTestContextBootstrapper=true}', contextCustomizers = set[org.springframework.boot.test.autoconfigure.actuate.metrics.MetricsExportContextCustomizerFactory$DisableMetricExportContextCustomizer@45cff11c, org.springframework.boot.test.autoconfigure.properties.PropertyMappingContextCustomizer@0, org.springframework.boot.test.autoconfigure.web.servlet.WebDriverContextCustomizerFactory$Customizer@78a287ed, org.springframework.boot.test.context.filter.ExcludeFilterContextCustomizer@485a3466, org.springframework.boot.test.json.DuplicateJsonObjectContextCustomizerFactory$DuplicateJsonObjectContextCustomizer@5ad10c1a, org.springframework.boot.test.mock.mockito.MockitoContextCustomizer@0, org.springframework.boot.test.web.client.TestRestTemplateContextCustomizer@62435e70, org.springframework.boot.test.context.SpringBootTestArgs@1, org.springframework.boot.test.context.SpringBootTestWebEnvironment@5d99c6b5], resourceBasePath = 'src/main/webapp', contextLoader = 'org.springframework.boot.test.context.SpringBootContextLoader', parent = [null]], attributes = map['org.springframework.test.context.web.ServletTestExecutionListener.activateListener' -> true]], class annotated with @DirtiesContext [false] with mode [null].

  .   ____          _            __ _ _
 /\\ / ___'_ __ _ _(_)_ __  __ _ \ \ \ \
( ( )\___ | '_ | '_| | '_ \/ _` | \ \ \ \
 \\/  ___)| |_)| | | | | || (_| |  ) ) ) )
  '  |____| .__|_| |_|_| |_\__, | / / / /
 =========|_|==============|___/=/_/_/_/
 :: Spring Boot ::                (v2.7.5)

2022-11-09 10:56:00.142  INFO 20792 --- [    Test worker] c.p.b.businessservice.RouteRepoTest      : Starting RouteRepoTest using Java 11.0.15 on DESKTOP-KVCQHCD with PID 20792 (started by multicampus in C:\Users\multicampus\J\_Project3\baebooreung\S07P31C207\backend\businessservice)
2022-11-09 10:56:00.142  INFO 20792 --- [    Test worker] c.p.b.businessservice.RouteRepoTest      : No active profile set, falling back to 1 default profile: "default"
2022-11-09 10:56:01.785  INFO 20792 --- [    Test worker] .s.d.r.c.RepositoryConfigurationDelegate : Bootstrapping Spring Data JPA repositories in DEFAULT mode.
2022-11-09 10:56:02.176  INFO 20792 --- [    Test worker] .s.d.r.c.RepositoryConfigurationDelegate : Finished Spring Data repository scanning in 360 ms. Found 2 JPA repository interfaces.
2022-11-09 10:56:02.545  INFO 20792 --- [    Test worker] o.s.cloud.context.scope.GenericScope     : BeanFactory id=b2eaa0cc-03fc-37c7-9df8-2a1c21494545
2022-11-09 10:56:02.967  INFO 20792 --- [    Test worker] o.hibernate.jpa.internal.util.LogHelper  : HHH000204: Processing PersistenceUnitInfo [name: default]
2022-11-09 10:56:03.045  INFO 20792 --- [    Test worker] org.hibernate.Version                    : HHH000412: Hibernate ORM core version 5.6.12.Final
2022-11-09 10:56:03.233  INFO 20792 --- [    Test worker] o.hibernate.annotations.common.Version   : HCANN000001: Hibernate Commons Annotations {5.1.2.Final}
2022-11-09 10:56:03.358  INFO 20792 --- [    Test worker] com.zaxxer.hikari.HikariDataSource       : HikariPool-1 - Starting...
2022-11-09 10:56:03.680  INFO 20792 --- [    Test worker] com.zaxxer.hikari.HikariDataSource       : HikariPool-1 - Start completed.
2022-11-09 10:56:03.711  INFO 20792 --- [    Test worker] org.hibernate.dialect.Dialect            : HHH000400: Using dialect: org.hibernate.dialect.MySQL8Dialect
2022-11-09 10:56:04.709  INFO 20792 --- [    Test worker] o.h.e.t.j.p.i.JtaPlatformInitiator       : HHH000490: Using JtaPlatform implementation: [org.hibernate.engine.transaction.jta.platform.internal.NoJtaPlatform]
2022-11-09 10:56:04.709  INFO 20792 --- [    Test worker] j.LocalContainerEntityManagerFactoryBean : Initialized JPA EntityManagerFactory for persistence unit 'default'
2022-11-09 10:56:05.449  WARN 20792 --- [    Test worker] JpaBaseConfiguration$JpaWebConfiguration : spring.jpa.open-in-view is enabled by default. Therefore, database queries may be performed during view rendering. Explicitly configure spring.jpa.open-in-view to disable this warning
2022-11-09 10:56:07.872  INFO 20792 --- [    Test worker] DiscoveryClientOptionalArgsConfiguration : Eureka HTTP Client uses RestTemplate.
2022-11-09 10:56:09.835  WARN 20792 --- [    Test worker] iguration$LoadBalancerCaffeineWarnLogger : Spring Cloud LoadBalancer is currently working with the default cache. While this cache implementation is useful for development and tests, it's recommended to use Caffeine cache in production.You can switch to using Caffeine cache, by adding it and org.springframework.cache.caffeine.CaffeineCacheManager to the classpath.
2022-11-09 10:56:09.882  INFO 20792 --- [    Test worker] c.p.b.businessservice.RouteRepoTest      : Started RouteRepoTest in 11.905 seconds (JVM running for 14.434)
2022-11-09 10:56:09.945  INFO 20792 --- [    Test worker] o.s.t.c.transaction.TransactionContext   : Began transaction (1) for test context [DefaultTestContext@3ecedf21 testClass = RouteRepoTest, testInstance = com.pro.baebooreung.businessservice.RouteRepoTest@c9234a0, testMethod = 루트얻기@RouteRepoTest, testException = [null], mergedContextConfiguration = [WebMergedContextConfiguration@74cf8b28 testClass = RouteRepoTest, locations = '{}', classes = '{class com.pro.baebooreung.businessservice.BusinessserviceApplication}', contextInitializerClasses = '[]', activeProfiles = '{}', propertySourceLocations = '{}', propertySourceProperties = '{org.springframework.boot.test.context.SpringBootTestContextBootstrapper=true}', contextCustomizers = set[org.springframework.boot.test.autoconfigure.actuate.metrics.MetricsExportContextCustomizerFactory$DisableMetricExportContextCustomizer@45cff11c, org.springframework.boot.test.autoconfigure.properties.PropertyMappingContextCustomizer@0, org.springframework.boot.test.autoconfigure.web.servlet.WebDriverContextCustomizerFactory$Customizer@78a287ed, org.springframework.boot.test.context.filter.ExcludeFilterContextCustomizer@485a3466, org.springframework.boot.test.json.DuplicateJsonObjectContextCustomizerFactory$DuplicateJsonObjectContextCustomizer@5ad10c1a, org.springframework.boot.test.mock.mockito.MockitoContextCustomizer@0, org.springframework.boot.test.web.client.TestRestTemplateContextCustomizer@62435e70, org.springframework.boot.test.context.SpringBootTestArgs@1, org.springframework.boot.test.context.SpringBootTestWebEnvironment@5d99c6b5], resourceBasePath = 'src/main/webapp', contextLoader = 'org.springframework.boot.test.context.SpringBootContextLoader', parent = [null]], attributes = map['org.springframework.test.context.web.ServletTestExecutionListener.activateListener' -> true, 'org.springframework.test.context.web.ServletTestExecutionListener.populatedRequestContextHolder' -> true, 'org.springframework.test.context.web.ServletTestExecutionListener.resetRequestContextHolder' -> true, 'org.springframework.test.context.event.ApplicationEventsTestExecutionListener.recordApplicationEvents' -> false]]; transaction manager [org.springframework.orm.jpa.JpaTransactionManager@4f239a76]; rollback [true]
Hibernate: select route0_.id as id1_4_, route0_.actual_start_time as actual_s2_4_, route0_.scheduled_start_time as schedule3_4_, route0_.date as date4_4_, route0_.delivery_datetime as delivery5_4_, route0_.done as done6_4_, route0_.route_name as route_na7_4_, route0_.route_type as route_ty8_4_, route0_.user_id as user_id9_4_ from route route0_ where route0_.user_id=? and route0_.date=?
[]
2022-11-09 10:56:10.101  INFO 20792 --- [    Test worker] o.s.t.c.transaction.TransactionContext   : Rolled back transaction for test: [DefaultTestContext@3ecedf21 testClass = RouteRepoTest, testInstance = com.pro.baebooreung.businessservice.RouteRepoTest@c9234a0, testMethod = 루트얻기@RouteRepoTest, testException = [null], mergedContextConfiguration = [WebMergedContextConfiguration@74cf8b28 testClass = RouteRepoTest, locations = '{}', classes = '{class com.pro.baebooreung.businessservice.BusinessserviceApplication}', contextInitializerClasses = '[]', activeProfiles = '{}', propertySourceLocations = '{}', propertySourceProperties = '{org.springframework.boot.test.context.SpringBootTestContextBootstrapper=true}', contextCustomizers = set[org.springframework.boot.test.autoconfigure.actuate.metrics.MetricsExportContextCustomizerFactory$DisableMetricExportContextCustomizer@45cff11c, org.springframework.boot.test.autoconfigure.properties.PropertyMappingContextCustomizer@0, org.springframework.boot.test.autoconfigure.web.servlet.WebDriverContextCustomizerFactory$Customizer@78a287ed, org.springframework.boot.test.context.filter.ExcludeFilterContextCustomizer@485a3466, org.springframework.boot.test.json.DuplicateJsonObjectContextCustomizerFactory$DuplicateJsonObjectContextCustomizer@5ad10c1a, org.springframework.boot.test.mock.mockito.MockitoContextCustomizer@0, org.springframework.boot.test.web.client.TestRestTemplateContextCustomizer@62435e70, org.springframework.boot.test.context.SpringBootTestArgs@1, org.springframework.boot.test.context.SpringBootTestWebEnvironment@5d99c6b5], resourceBasePath = 'src/main/webapp', contextLoader = 'org.springframework.boot.test.context.SpringBootContextLoader', parent = [null]], attributes = map['org.springframework.test.context.web.ServletTestExecutionListener.activateListener' -> true, 'org.springframework.test.context.web.ServletTestExecutionListener.populatedRequestContextHolder' -> true, 'org.springframework.test.context.web.ServletTestExecutionListener.resetRequestContextHolder' -> true, 'org.springframework.test.context.event.ApplicationEventsTestExecutionListener.recordApplicationEvents' -> false]]
]]></system-out>
  <system-err><![CDATA[]]></system-err>
</testsuite>
